<?xml version="1.0" encoding="utf-8"?><testsuites name="pytest tests"><testsuite name="pytest" errors="0" failures="0" skipped="0" tests="16" time="11.528" timestamp="2026-05-30T19:38:11.927454+00:00" hostname="agent-env-91afa908-0030-4222-89a9-a000380d1fd0"><testcase classname="backend.tests.test_itinerary.TestItineraryGenerate" name="test_shape_and_slot_order" time="0.172" /><testcase classname="backend.tests.test_itinerary.TestItineraryGenerate" name="test_each_step_has_required_fields_and_slot_in_business" time="0.168" /><testcase classname="backend.tests.test_itinerary.TestItineraryGenerate" name="test_no_business_repeated_in_itinerary" time="0.141" /><testcase classname="backend.tests.test_itinerary.TestItineraryGenerate" name="test_variety_across_5_calls" time="0.713" /><testcase classname="backend.tests.test_itinerary.TestItineraryGenerate" name="test_exclude_ids_works" time="0.268" /><testcase classname="backend.tests.test_itinerary.TestItineraryGenerate" name="test_itinerary_persisted_with_same_id" time="0.222" /><testcase classname="backend.tests.test_itinerary.TestItineraryAnalytics" name="test_business_appearance_events_created_for_each_step" time="0.566" /><testcase classname="backend.tests.test_itinerary.TestItineraryAnalytics" name="test_itinerary_generated_event_exists" time="0.231" /><testcase classname="backend.tests.test_itinerary.TestSponsorWeighting" name="test_platinum_beats_none_in_50_runs" time="7.205" /><testcase classname="backend.tests.test_itinerary.TestAdminSponsorTier" name="test_create_invalid_tier_400" time="0.109" /><testcase classname="backend.tests.test_itinerary.TestAdminSponsorTier" name="test_patch_platinum_sets_featured_true" time="0.313" /><testcase classname="backend.tests.test_itinerary.TestAdminSponsorTier" name="test_patch_none_sets_featured_false" time="0.368" /><testcase classname="backend.tests.test_itinerary.TestAdminSponsorTier" name="test_patch_slots_persists" time="0.427" /><testcase classname="backend.tests.test_itinerary.TestAdminAnalyticsSponsor" name="test_sponsor_performance_in_summary" time="0.206" /><testcase classname="backend.tests.test_itinerary.TestAdminAnalyticsSponsor" name="test_by_business_rows_include_sponsor_tier" time="0.105" /><testcase classname="backend.tests.test_itinerary.TestAdminAnalyticsSponsor" name="test_per_business_analytics_includes_business_appearance" time="0.229" /></testsuite></testsuites>