<?xml version="1.0" encoding="utf-8"?><testsuites name="pytest tests"><testsuite name="pytest" errors="0" failures="0" skipped="0" tests="51" time="9.115" timestamp="2026-05-30T19:00:39.344743+00:00" hostname="agent-env-91afa908-0030-4222-89a9-a000380d1fd0"><testcase classname="backend.tests.backend_test.TestHealth" name="test_health" time="0.203" /><testcase classname="backend.tests.backend_test.TestCities" name="test_list_cities" time="0.193" /><testcase classname="backend.tests.backend_test.TestCities" name="test_default_city" time="0.100" /><testcase classname="backend.tests.backend_test.TestCategories" name="test_list_categories" time="0.145" /><testcase classname="backend.tests.backend_test.TestCategories" name="test_categories_ordered_and_named" time="0.107" /><testcase classname="backend.tests.backend_test.TestCategories" name="test_removed_categories_absent" time="0.104" /><testcase classname="backend.tests.backend_test.TestCategoryMigration" name="test_date_night_has_migrated_food" time="0.143" /><testcase classname="backend.tests.backend_test.TestCategoryMigration" name="test_night_out_has_migrated_sports_rooftops_events" time="0.161" /><testcase classname="backend.tests.backend_test.TestCategoryMigration" name="test_removed_categories_return_empty[food]" time="0.246" /><testcase classname="backend.tests.backend_test.TestCategoryMigration" name="test_removed_categories_return_empty[sports]" time="0.140" /><testcase classname="backend.tests.backend_test.TestCategoryMigration" name="test_removed_categories_return_empty[rooftops]" time="0.116" /><testcase classname="backend.tests.backend_test.TestCategoryMigration" name="test_removed_categories_return_empty[events]" time="0.132" /><testcase classname="backend.tests.backend_test.TestCategoryMigration" name="test_all_businesses_preserved" time="0.120" /><testcase classname="backend.tests.backend_test.TestCategoryMigration" name="test_migration_idempotent_slugs_present" time="0.111" /><testcase classname="backend.tests.backend_test.TestVibeAnalytics" name="test_vibe_click_tracked" time="0.126" /><testcase classname="backend.tests.backend_test.TestBusinesses" name="test_date_night_category" time="0.107" /><testcase classname="backend.tests.backend_test.TestBusinesses" name="test_surprise_me" time="0.113" /><testcase classname="backend.tests.backend_test.TestBusinesses" name="test_get_single_business" time="0.213" /><testcase classname="backend.tests.backend_test.TestBusinesses" name="test_get_missing_business_404" time="0.123" /><testcase classname="backend.tests.backend_test.TestAnalytics" name="test_track_events[evt0]" time="0.132" /><testcase classname="backend.tests.backend_test.TestAnalytics" name="test_track_events[evt1]" time="0.118" /><testcase classname="backend.tests.backend_test.TestAnalytics" name="test_track_events[evt2]" time="0.107" /><testcase classname="backend.tests.backend_test.TestAnalytics" name="test_track_events[evt3]" time="0.101" /><testcase classname="backend.tests.backend_test.TestAnalytics" name="test_track_events[evt4]" time="0.136" /><testcase classname="backend.tests.backend_test.TestAnalytics" name="test_track_events[evt5]" time="0.124" /><testcase classname="backend.tests.backend_test.TestAnalytics" name="test_business_view_event" time="0.220" /><testcase classname="backend.tests.backend_test.TestAuth" name="test_me_without_token_401" time="0.110" /><testcase classname="backend.tests.backend_test.TestAuth" name="test_session_invalid_id_401" time="0.171" /><testcase classname="backend.tests.backend_test.TestAuth" name="test_me_with_admin_token" time="0.110" /><testcase classname="backend.tests.backend_test.TestAdminBusinesses" name="test_non_admin_forbidden" time="0.109" /><testcase classname="backend.tests.backend_test.TestAdminBusinesses" name="test_list_admin" time="0.108" /><testcase classname="backend.tests.backend_test.TestAdminBusinesses" name="test_create_business" time="0.219" /><testcase classname="backend.tests.backend_test.TestAdminBusinesses" name="test_update_business" time="0.114" /><testcase classname="backend.tests.backend_test.TestAdminBusinesses" name="test_reorder" time="0.115" /><testcase classname="backend.tests.backend_test.TestAdminBusinesses" name="test_delete_business" time="0.281" /><testcase classname="backend.tests.backend_test.TestAdminMisc" name="test_admin_categories" time="0.111" /><testcase classname="backend.tests.backend_test.TestAdminMisc" name="test_admin_categories_forbidden" time="0.143" /><testcase classname="backend.tests.backend_test.TestAdminMisc" name="test_admin_analytics" time="0.114" /><testcase classname="backend.tests.backend_test.TestAdminBusinessAnalytics" name="test_requires_admin" time="0.209" /><testcase classname="backend.tests.backend_test.TestAdminBusinessAnalytics" name="test_requires_auth" time="0.242" /><testcase classname="backend.tests.backend_test.TestAdminBusinessAnalytics" name="test_404_when_business_missing" time="0.096" /><testcase classname="backend.tests.backend_test.TestAdminBusinessAnalytics" name="test_default_days_is_30" time="0.288" /><testcase classname="backend.tests.backend_test.TestAdminBusinessAnalytics" name="test_range_selector[7]" time="0.243" /><testcase classname="backend.tests.backend_test.TestAdminBusinessAnalytics" name="test_range_selector[30]" time="0.212" /><testcase classname="backend.tests.backend_test.TestAdminBusinessAnalytics" name="test_range_selector[90]" time="0.215" /><testcase classname="backend.tests.backend_test.TestAdminBusinessAnalytics" name="test_events_aggregate_into_totals_and_today_row" time="0.978" /><testcase classname="backend.tests.backend_test.TestAdminEmailsLockdown" name="test_non_admin_still_forbidden_on_new_endpoint" time="0.244" /><testcase classname="backend.tests.backend_test.TestAdminEmailsLockdown" name="test_existing_admin_token_still_works" time="0.108" /><testcase classname="backend.tests.backend_test.TestAdminEmailsLockdown" name="test_session_endpoint_rejects_fake_session_id" time="0.161" /><testcase classname="backend.tests.backend_test.TestAdminUpload" name="test_upload_requires_admin" time="0.110" /><testcase classname="backend.tests.backend_test.TestAdminUpload" name="test_upload_and_fetch" time="0.518" /></testsuite></testsuites>